<?xml version="1.0" encoding="UTF-8"?>
<!-- Generated by org.testng.reporters.JUnitXMLReporter -->
<testsuite hostname="DESKTOP-V8VE9OU" ignored="0" name="Login Test" tests="2" failures="1" timestamp="22 Dec 2020 23:12:48 GMT" time="6.58" errors="0">
  <testcase name="login" time="2.305" classname="testcases.LoginTest">
    <failure type="java.lang.AssertionError" message="expected [My account - My Store] but found [Login - My Store]">
      <![CDATA[java.lang.AssertionError: expected [My account - My Store] but found [Login - My Store]
at testcases.LoginTest.login(LoginTest.java:33)
... Removed 31 stack frames]]>
    </failure>
  </testcase> <!-- login -->
  <testcase name="login" time="2.67" classname="testcases.LoginTest"/>
</testsuite> <!-- Login Test -->
