<?xml version="1.0" encoding="UTF-8"?>
<!-- Generated by org.testng.reporters.JUnitXMLReporter -->
<testsuite hostname="DESKTOP-V8VE9OU" ignored="0" name="signupTest" tests="1" failures="1" timestamp="13 Dec 2020 04:10:52 GMT" time="0.815" errors="0">
  <testcase name="signup" time="0.01" classname="testcases.signupTest">
    <failure type="java.lang.Error" message="Unresolved compilation problems: 
	The method enterEmailId() is undefined for the type LoginPage
	The method clickCreateAccountBtn() is undefined for the type LoginPage
">
      <![CDATA[java.lang.Error: Unresolved compilation problems: 
	The method enterEmailId() is undefined for the type LoginPage
	The method clickCreateAccountBtn() is undefined for the type LoginPage

	at testcases.signupTest.signup(signupTest.java:24)
... Removed 25 stack frames]]>
    </failure>
  </testcase> <!-- signup -->
</testsuite> <!-- signupTest -->
