<?xml version="1.0" encoding="UTF-8"?>
<!-- Generated by org.testng.reporters.JUnitXMLReporter -->
<testsuite hostname="DESKTOP-V8VE9OU" ignored="8" name="Tests" tests="6" failures="1" timestamp="19 Dec 2020 17:33:37 GMT" time="36.984" errors="0">
  <testcase name="login" time="2.605" classname="testcases.LoginTest">
    <failure type="java.lang.AssertionError" message="expected [My account - My Store] but found [Login - My Store]">
      <![CDATA[java.lang.AssertionError: expected [My account - My Store] but found [Login - My Store]
at testcases.LoginTest.login(LoginTest.java:33)
... Removed 31 stack frames]]>
    </failure>
  </testcase> <!-- login -->
  <testcase name="login" time="3.279" classname="testcases.LoginTest"/>
  <testcase name="buyProduct" time="10.606" classname="testcases.BuyingProductTest"/>
  <testcase name="updateAddress" time="4.6" classname="testcases.UpdateAddressTest"/>
  <testcase name="addProductReview" time="4.567" classname="testcases.WriteProductReviewTest"/>
  <testcase name="contactUs" time="9.173" classname="testcases.ContactUsTest"/>
  <testcase name="@AfterSuite tearDown" time="0.0" classname="base.BaseClass">
    <ignored/>
  </testcase> <!-- @AfterSuite tearDown -->
  <testcase name="@AfterSuite tearDown" time="0.0" classname="base.BaseClass">
    <ignored/>
  </testcase> <!-- @AfterSuite tearDown -->
  <testcase name="@AfterSuite tearDown" time="0.0" classname="base.BaseClass">
    <ignored/>
  </testcase> <!-- @AfterSuite tearDown -->
  <testcase name="@AfterSuite tearDown" time="0.0" classname="base.BaseClass">
    <ignored/>
  </testcase> <!-- @AfterSuite tearDown -->
  <testcase name="@BeforeSuite init" time="0.0" classname="base.BaseClass">
    <ignored/>
  </testcase> <!-- @BeforeSuite init -->
  <testcase name="@BeforeSuite init" time="0.0" classname="base.BaseClass">
    <ignored/>
  </testcase> <!-- @BeforeSuite init -->
  <testcase name="@BeforeSuite init" time="0.0" classname="base.BaseClass">
    <ignored/>
  </testcase> <!-- @BeforeSuite init -->
  <testcase name="@BeforeSuite init" time="0.0" classname="base.BaseClass">
    <ignored/>
  </testcase> <!-- @BeforeSuite init -->
</testsuite> <!-- Tests -->
