<?xml version="1.0" encoding="UTF-8"?>
<!-- Generated by org.testng.reporters.JUnitXMLReporter -->
<testsuite hostname="DESKTOP-V8VE9OU" ignored="2" name="Test" tests="2" failures="0" timestamp="16 Dec 2020 03:20:13 GMT" time="13.791" errors="0">
  <testcase name="login" time="3.391" classname="testcases.TC001LoginTest"/>
  <testcase name="buyProduct" time="9.906" classname="testcases.TC002BuyProductTest"/>
  <testcase name="@AfterSuite tearDown" time="0.0" classname="base.BaseClass">
    <ignored/>
  </testcase> <!-- @AfterSuite tearDown -->
  <testcase name="@BeforeSuite init" time="0.0" classname="base.BaseClass">
    <ignored/>
  </testcase> <!-- @BeforeSuite init -->
</testsuite> <!-- Test -->
