<?xml version="1.0" encoding="UTF-8"?>
<!-- Generated by org.testng.reporters.JUnitXMLReporter -->
<testsuite hostname="DESKTOP-V8VE9OU" ignored="8" name="Tests" tests="6" failures="1" timestamp="23 Dec 2020 03:39:08 GMT" time="34.411" errors="0">
  <testcase name="login" time="2.322" classname="testcases.TC001LoginTest">
    <failure type="java.lang.AssertionError" message="expected [My account - My Store] but found [Login - My Store]">
      <![CDATA[java.lang.AssertionError: expected [My account - My Store] but found [Login - My Store]
at testcases.TC001LoginTest.login(TC001LoginTest.java:33)
... Removed 35 stack frames]]>
    </failure>
  </testcase> <!-- login -->
  <testcase name="login" time="2.806" classname="testcases.TC001LoginTest"/>
  <testcase name="buyProduct" time="9.071" classname="testcases.TC002BuyingProductTest"/>
  <testcase name="updateAddress" time="5.077" classname="testcases.TC003UpdateAddressTest"/>
  <testcase name="addProductReview" time="4.688" classname="testcases.TC004WriteProductReviewTest"/>
  <testcase name="contactUs" time="8.672" classname="testcases.TC005ContactUsTest"/>
  <testcase name="@AfterSuite tearDown" time="0.0" classname="base.BaseClass">
    <ignored/>
  </testcase> <!-- @AfterSuite tearDown -->
  <testcase name="@AfterSuite tearDown" time="0.0" classname="base.BaseClass">
    <ignored/>
  </testcase> <!-- @AfterSuite tearDown -->
  <testcase name="@AfterSuite tearDown" time="0.0" classname="base.BaseClass">
    <ignored/>
  </testcase> <!-- @AfterSuite tearDown -->
  <testcase name="@AfterSuite tearDown" time="0.0" classname="base.BaseClass">
    <ignored/>
  </testcase> <!-- @AfterSuite tearDown -->
  <testcase name="@BeforeSuite init" time="0.0" classname="base.BaseClass">
    <ignored/>
  </testcase> <!-- @BeforeSuite init -->
  <testcase name="@BeforeSuite init" time="0.0" classname="base.BaseClass">
    <ignored/>
  </testcase> <!-- @BeforeSuite init -->
  <testcase name="@BeforeSuite init" time="0.0" classname="base.BaseClass">
    <ignored/>
  </testcase> <!-- @BeforeSuite init -->
  <testcase name="@BeforeSuite init" time="0.0" classname="base.BaseClass">
    <ignored/>
  </testcase> <!-- @BeforeSuite init -->
</testsuite> <!-- Tests -->
